#
# A fatal error has been detected by the Java Runtime Environment:
#
#  EXCEPTION_ACCESS_VIOLATION (0xc0000005) at pc=0x00007ffa426302ae, pid=18980, tid=15024
#
# JRE version: Java(TM) SE Runtime Environment (15.0.2+7) (build 15.0.2+7-27)
# Java VM: Java HotSpot(TM) 64-Bit Server VM (15.0.2+7-27, mixed mode, sharing, tiered, compressed oops, g1 gc, windows-amd64)
# Problematic frame:
# C  [awt.dll+0x902ae]
#
# No core dump will be written. Minidumps are not enabled by default on client versions of Windows
#
# If you would like to submit a bug report, please visit:
#   https://bugreport.java.com/bugreport/crash.jsp
# The crash happened outside the Java Virtual Machine in native code.
# See problematic frame for where to report the bug.
#

---------------  S U M M A R Y ------------

Command Line: -javaagent:C:\Program Files\JetBrains\IntelliJ IDEA Community Edition 2020.3.1\lib\idea_rt.jar=55100:C:\Program Files\JetBrains\IntelliJ IDEA Community Edition 2020.3.1\bin -Dfile.encoding=UTF-8 Main

Host: Intel(R) Core(TM) i7-10700 CPU @ 2.90GHz, 16 cores, 31G,  Windows 10 , 64 bit Build 19041 (10.0.19041.928)
Time: Thu May  6 22:05:19 2021 東京 (標準時) elapsed time: 0.591672 seconds (0d 0h 0m 0s)

---------------  T H R E A D  ---------------

Current thread (0x0000027d48875cd0):  JavaThread "main" [_thread_in_native, id=15024, stack(0x000000fa9af00000,0x000000fa9b000000)]

Stack: [0x000000fa9af00000,0x000000fa9b000000],  sp=0x000000fa9affebf0,  free space=1018k
Native frames: (J=compiled Java code, j=interpreted, Vv=VM code, C=native code)
C  [awt.dll+0x902ae]

Java frames: (J=compiled Java code, j=interpreted, Vv=VM code)
j  sun.awt.windows.WComponentPeer._setFont(Ljava/awt/Font;)V+0 java.desktop@15.0.2
j  sun.awt.windows.WComponentPeer.setFont(Ljava/awt/Font;)V+7 java.desktop@15.0.2
j  sun.awt.windows.WWindowPeer.initialize()V+42 java.desktop@15.0.2
j  sun.awt.windows.WFramePeer.initialize()V+1 java.desktop@15.0.2
j  sun.awt.windows.WComponentPeer.<init>(Ljava/awt/Component;)V+83 java.desktop@15.0.2
j  sun.awt.windows.WCanvasPeer.<init>(Ljava/awt/Component;)V+2 java.desktop@15.0.2
j  sun.awt.windows.WPanelPeer.<init>(Ljava/awt/Component;)V+2 java.desktop@15.0.2
j  sun.awt.windows.WWindowPeer.<init>(Ljava/awt/Window;)V+2 java.desktop@15.0.2
j  sun.awt.windows.WFramePeer.<init>(Ljava/awt/Frame;)V+2 java.desktop@15.0.2
j  sun.awt.windows.WToolkit.createFrame(Ljava/awt/Frame;)Ljava/awt/peer/FramePeer;+5 java.desktop@15.0.2
j  java.awt.Frame.addNotify()V+20 java.desktop@15.0.2
j  java.awt.Window.pack()V+28 java.desktop@15.0.2
j  Main.<init>(Ljava/lang/String;)V+30
j  Main.main([Ljava/lang/String;)V+6
v  ~StubRoutines::call_stub

siginfo: EXCEPTION_ACCESS_VIOLATION (0xc0000005), reading address 0x0000000000000058


Register to memory mapping:

RIP=0x00007ffa426302ae awt.dll
RAX=0x00007ffa426a17f0 awt.dll
RBX=0x0000027d48875ff8 points into unknown readable memory: 0x00007ff9cbaade40 | 40 de aa cb f9 7f 00 00
RCX=0x0000027d78ba6120 points into unknown readable memory: 0x00007ffa426a17f0 | f0 17 6a 42 fa 7f 00 00
RDX=0x0 is NULL
RSP=0x000000fa9affebf0 is pointing into the stack for thread: 0x0000027d48875cd0
RBP=0x0 is NULL
RSI=0x0000027d0011c660 is a global jni handle
RDI=0x0000027d0011c668 is a global jni handle
R8 =0x0000000000000042 is an unknown value
R9 =0x0000000800b7ac28 is a pointer to class: 
java.awt.Font {0x0000000800b7ac30}
R10=0x0000000000008000 is an unknown value
R11=0x000000fa9affebf0 is pointing into the stack for thread: 0x0000027d48875cd0
R12=0x0 is NULL
R13={method} {0x0000027d78364fb0} '_setFont' '(Ljava/awt/Font;)V' in 'sun/awt/windows/WComponentPeer'
R14=0x0000027d78ba6120 points into unknown readable memory: 0x00007ffa426a17f0 | f0 17 6a 42 fa 7f 00 00
R15=0x0000027d0015cb20 points into unknown readable memory: 0x0000027d0011c660 | 60 c6 11 00 7d 02 00 00


Registers:
RAX=0x00007ffa426a17f0, RBX=0x0000027d48875ff8, RCX=0x0000027d78ba6120, RDX=0x0000000000000000
RSP=0x000000fa9affebf0, RBP=0x0000000000000000, RSI=0x0000027d0011c660, RDI=0x0000027d0011c668
R8 =0x0000000000000042, R9 =0x0000000800b7ac28, R10=0x0000000000008000, R11=0x000000fa9affebf0
R12=0x0000000000000000, R13=0x0000027d78364fa8, R14=0x0000027d78ba6120, R15=0x0000027d0015cb20
RIP=0x00007ffa426302ae, EFLAGS=0x0000000000010206

Top of Stack: (sp=0x000000fa9affebf0)
0x000000fa9affebf0:   0000027d0015cb20 0000027d78ba6120
0x000000fa9affec00:   0000027d78ba6120 0000027d0011c668
0x000000fa9affec10:   0000027d0011c668 00007ffa42635175
0x000000fa9affec20:   0000027d48875ff8 0000027d48875ff8
0x000000fa9affec30:   0000000000000000 0000027d0011c660
0x000000fa9affec40:   0000027d48875cd0 000000fa9affed78
0x000000fa9affec50:   0000027d0015cb20 00007ffa4266d191
0x000000fa9affec60:   00007ffa426d8ff8 000000fa9affed50
0x000000fa9affec70:   00007ffa42635048 0000027d48875cd0
0x000000fa9affec80:   0000027d0011c660 00007ffa4263630e
0x000000fa9affec90:   0000027d0011c668 000000fa9affed70
0x000000fa9affeca0:   000000fa9affed70 00007ffa426d8ff8
0x000000fa9affecb0:   0000027d5227a1aa 0000027d5227fd2c
0x000000fa9affecc0:   0000027d78364fa8 0000000000000158
0x000000fa9affecd0:   0000027d5227a1aa 0000027d5227f912
0x000000fa9affece0:   0000027d78364fa8 0000000000000158 

Instructions: (pc=0x00007ffa426302ae)
0x00007ffa426301ae:   00 48 8b d9 e8 9d dc ff ff 48 8b f8 48 85 c0 75
0x00007ffa426301be:   04 48 8b 7b 48 48 8b cf e8 9f 05 05 00 48 8b d8
0x00007ffa426301ce:   48 85 c0 74 60 83 64 24 20 00 0f 57 c0 83 64 24
0x00007ffa426301de:   34 00 b9 11 00 00 00 83 64 24 38 00 f3 0f 7f 44
0x00007ffa426301ee:   24 24 ff 15 12 51 0a 00 4c 8d 44 24 40 ba 5c 00
0x00007ffa426301fe:   00 00 48 8b c8 ff 15 b7 53 0a 00 83 f8 5c 75 0d
0x00007ffa4263020e:   48 8d 54 24 40 48 8b cb e8 fe 05 05 00 48 8d 54
0x00007ffa4263021e:   24 20 48 8b cb e8 15 06 05 00 48 8b d3 48 8b cf
0x00007ffa4263022e:   e8 c2 05 05 00 48 8b 8c 24 a0 00 00 00 48 33 cc
0x00007ffa4263023e:   e8 0d 13 05 00 48 8b 9c 24 c8 00 00 00 48 81 c4
0x00007ffa4263024e:   b0 00 00 00 5f c3 40 53 48 83 ec 20 48 8b d9 ff
0x00007ffa4263025e:   15 f5 58 0a 00 48 85 c0 75 0a 48 8b 4b 48 ff 15
0x00007ffa4263026e:   de 58 0a 00 48 83 c4 20 5b c3 4c 63 c2 48 8b 15
0x00007ffa4263027e:   c6 3c 0a 00 48 ff 25 6f 57 0a 00 cc cc cc 48 8b
0x00007ffa4263028e:   d1 48 8b 0d 9a 6c 0a 00 48 89 15 93 6c 0a 00 e9
0x00007ffa4263029e:   6a 52 04 00 cc cc 48 89 5c 24 08 57 48 83 ec 20
0x00007ffa426302ae:   83 7a 58 00 48 8b da 48 8b f9 7d 08 48 8b ca e8
0x00007ffa426302be:   f2 8b 01 00 4c 8b 43 48 45 33 c9 48 8b 4f 48 4d
0x00007ffa426302ce:   8b 00 41 8d 51 30 ff 15 e6 59 0a 00 48 8b 4f 48
0x00007ffa426302de:   33 d2 44 8d 42 01 48 8b 5c 24 30 48 83 c4 20 5f
0x00007ffa426302ee:   48 ff 25 83 58 0a 00 cc cc cc 48 8b c4 48 89 58
0x00007ffa426302fe:   08 48 89 68 10 48 89 70 18 48 89 78 20 41 56 48
0x00007ffa4263030e:   83 ec 20 4c 8b f2 48 8b f9 48 8b 0d da 8a 0a 00
0x00007ffa4263031e:   ba 02 00 01 00 41 8b e8 e8 28 11 05 00 48 8b 97
0x00007ffa4263032e:   c0 00 00 00 33 db 48 8b f0 48 85 d2 74 0d 4c 8b
0x00007ffa4263033e:   08 48 8b c8 41 ff 91 b0 00 00 00 4d 85 f6 74 14
0x00007ffa4263034e:   48 8b 06 49 8b d6 48 8b ce ff 90 a8 00 00 00 48
0x00007ffa4263035e:   8b d8 eb 05 bd 01 00 00 00 48 89 9f c0 00 00 00
0x00007ffa4263036e:   89 af c8 00 00 00 48 8b 5c 24 30 48 8b 6c 24 38
0x00007ffa4263037e:   48 8b 74 24 40 48 8b 7c 24 48 48 83 c4 20 41 5e
0x00007ffa4263038e:   c3 cc 48 89 5c 24 08 48 89 6c 24 10 48 89 74 24
0x00007ffa4263039e:   18 57 48 83 ec 20 33 db 48 8b f9 48 85 c9 75 09 


Stack slot to memory mapping:
stack at sp + 0 slots: 0x0000027d0015cb20 points into unknown readable memory: 0x0000027d0011c660 | 60 c6 11 00 7d 02 00 00
stack at sp + 1 slots: 0x0000027d78ba6120 points into unknown readable memory: 0x00007ffa426a17f0 | f0 17 6a 42 fa 7f 00 00
stack at sp + 2 slots: 0x0000027d78ba6120 points into unknown readable memory: 0x00007ffa426a17f0 | f0 17 6a 42 fa 7f 00 00
stack at sp + 3 slots: 0x0000027d0011c668 is a global jni handle
stack at sp + 4 slots: 0x0000027d0011c668 is a global jni handle
stack at sp + 5 slots: 0x00007ffa42635175 awt.dll
stack at sp + 6 slots: 0x0000027d48875ff8 points into unknown readable memory: 0x00007ff9cbaade40 | 40 de aa cb f9 7f 00 00
stack at sp + 7 slots: 0x0000027d48875ff8 points into unknown readable memory: 0x00007ff9cbaade40 | 40 de aa cb f9 7f 00 00


---------------  P R O C E S S  ---------------

Threads class SMR info:
_java_thread_list=0x0000027d0014d150, length=19, elements={
0x0000027d48875cd0, 0x0000027d78155230, 0x0000027d781564b0, 0x0000027d78171be0,
0x0000027d781744b0, 0x0000027d78177a30, 0x0000027d7817c470, 0x0000027d781816d0,
0x0000027d781ae780, 0x0000027d7813a850, 0x0000027d78b0e830, 0x0000027d78b0edf0,
0x0000027d78b154a0, 0x0000027d78bd6120, 0x0000027d78c26cb0, 0x0000027d78f00480,
0x0000027d78f058a0, 0x0000027d78f10d00, 0x0000027d00127ea0
}

Java Threads: ( => current thread )
=>0x0000027d48875cd0 JavaThread "main" [_thread_in_native, id=15024, stack(0x000000fa9af00000,0x000000fa9b000000)]
  0x0000027d78155230 JavaThread "Reference Handler" daemon [_thread_blocked, id=25816, stack(0x000000fa9b600000,0x000000fa9b700000)]
  0x0000027d781564b0 JavaThread "Finalizer" daemon [_thread_blocked, id=24956, stack(0x000000fa9b700000,0x000000fa9b800000)]
  0x0000027d78171be0 JavaThread "Signal Dispatcher" daemon [_thread_blocked, id=21888, stack(0x000000fa9b800000,0x000000fa9b900000)]
  0x0000027d781744b0 JavaThread "Attach Listener" daemon [_thread_blocked, id=26916, stack(0x000000fa9b900000,0x000000fa9ba00000)]
  0x0000027d78177a30 JavaThread "Service Thread" daemon [_thread_blocked, id=27272, stack(0x000000fa9ba00000,0x000000fa9bb00000)]
  0x0000027d7817c470 JavaThread "C2 CompilerThread0" daemon [_thread_blocked, id=22488, stack(0x000000fa9bb00000,0x000000fa9bc00000)]
  0x0000027d781816d0 JavaThread "C1 CompilerThread0" daemon [_thread_blocked, id=2564, stack(0x000000fa9bc00000,0x000000fa9bd00000)]
  0x0000027d781ae780 JavaThread "Sweeper thread" daemon [_thread_blocked, id=27452, stack(0x000000fa9bd00000,0x000000fa9be00000)]
  0x0000027d7813a850 JavaThread "Common-Cleaner" daemon [_thread_blocked, id=25372, stack(0x000000fa9be00000,0x000000fa9bf00000)]
  0x0000027d78b0e830 JavaThread "C1 CompilerThread1" daemon [_thread_blocked, id=22556, stack(0x000000fa9bf00000,0x000000fa9c000000)]
  0x0000027d78b0edf0 JavaThread "C1 CompilerThread2" daemon [_thread_blocked, id=24064, stack(0x000000fa9c000000,0x000000fa9c100000)]
  0x0000027d78b154a0 JavaThread "C1 CompilerThread3" daemon [_thread_blocked, id=6832, stack(0x000000fa9c100000,0x000000fa9c200000)]
  0x0000027d78bd6120 JavaThread "Monitor Ctrl-Break" daemon [_thread_in_native, id=24020, stack(0x000000fa9c300000,0x000000fa9c400000)]
  0x0000027d78c26cb0 JavaThread "Notification Thread" daemon [_thread_blocked, id=14424, stack(0x000000fa9c400000,0x000000fa9c500000)]
  0x0000027d78f00480 JavaThread "Java2D Disposer" daemon [_thread_blocked, id=28164, stack(0x000000fa9c600000,0x000000fa9c700000)]
  0x0000027d78f058a0 JavaThread "AWT-Shutdown" [_thread_blocked, id=17788, stack(0x000000fa9c700000,0x000000fa9c800000)]
  0x0000027d78f10d00 JavaThread "AWT-Windows" daemon [_thread_in_native, id=3092, stack(0x000000fa9c800000,0x000000fa9c900000)]
  0x0000027d00127ea0 JavaThread "AWT-EventQueue-0" [_thread_blocked, id=29512, stack(0x000000fa9cb00000,0x000000fa9cc00000)]

Other Threads:
  0x0000027d78153300 VMThread "VM Thread" [stack: 0x000000fa9b500000,0x000000fa9b600000] [id=20800]
  0x0000027d48876e00 WatcherThread [stack: 0x000000fa9c500000,0x000000fa9c600000] [id=14028]
  0x0000027d488ed6c0 GCTaskThread "GC Thread#0" [stack: 0x000000fa9b000000,0x000000fa9b100000] [id=10284]
  0x0000027d4869b6c0 ConcurrentGCThread "G1 Main Marker" [stack: 0x000000fa9b100000,0x000000fa9b200000] [id=23828]
  0x0000027d4869c960 ConcurrentGCThread "G1 Conc#0" [stack: 0x000000fa9b200000,0x000000fa9b300000] [id=13812]
  0x0000027d4894dd50 ConcurrentGCThread "G1 Refine#0" [stack: 0x000000fa9b300000,0x000000fa9b400000] [id=26080]
  0x0000027d4894e860 ConcurrentGCThread "G1 Young RemSet Sampling" [stack: 0x000000fa9b400000,0x000000fa9b500000] [id=9632]

Threads with active compile tasks:

VM state: not at safepoint (normal execution)

VM Mutex/Monitor currently owned by a thread: None

Heap address: 0x0000000602400000, size: 8156 MB, Compressed Oops mode: Zero based, Oop shift amount: 3
CDS archive(s) mapped at: [0x0000000800000000-0x0000000800b50000-0x0000000800b50000), size 11862016, SharedBaseAddress: 0x0000000800000000, ArchiveRelocationMode: 0.
Compressed class space mapped at: 0x0000000800b50000-0x0000000840b50000, size: 1073741824
Narrow klass base: 0x0000000800000000, Narrow klass shift: 3, Narrow klass range: 0x100000000

GC Precious Log:
 CPUs: 16 total, 16 available
 Memory: 32614M
 Large Page Support: Disabled
 NUMA Support: Disabled
 Compressed Oops: Enabled (Zero based)
 Heap Region Size: 4M
 Heap Min Capacity: 8M
 Heap Initial Capacity: 512M
 Heap Max Capacity: 8156M
 Pre-touch: Disabled
 Parallel Workers: 13
 Concurrent Workers: 3
 Concurrent Refinement Workers: 13
 Periodic GC: Disabled

Heap:
 garbage-first heap   total 524288K, used 4096K [0x0000000602400000, 0x0000000800000000)
  region size 4096K, 2 young (8192K), 0 survivors (0K)
 Metaspace       used 6059K, capacity 6192K, committed 6400K, reserved 1056768K
  class space    used 649K, capacity 734K, committed 768K, reserved 1048576K

Heap Regions: E=young(eden), S=young(survivor), O=old, HS=humongous(starts), HC=humongous(continues), CS=collection set, F=free, OA=open archive, CA=closed archive, TAMS=top-at-mark-start (previous, next)
|   0|0x0000000602400000, 0x0000000602400000, 0x0000000602800000|  0%| F|  |TAMS 0x0000000602400000, 0x0000000602400000| Untracked 
|   1|0x0000000602800000, 0x0000000602800000, 0x0000000602c00000|  0%| F|  |TAMS 0x0000000602800000, 0x0000000602800000| Untracked 
|   2|0x0000000602c00000, 0x0000000602c00000, 0x0000000603000000|  0%| F|  |TAMS 0x0000000602c00000, 0x0000000602c00000| Untracked 
|   3|0x0000000603000000, 0x0000000603000000, 0x0000000603400000|  0%| F|  |TAMS 0x0000000603000000, 0x0000000603000000| Untracked 
|   4|0x0000000603400000, 0x0000000603400000, 0x0000000603800000|  0%| F|  |TAMS 0x0000000603400000, 0x0000000603400000| Untracked 
|   5|0x0000000603800000, 0x0000000603800000, 0x0000000603c00000|  0%| F|  |TAMS 0x0000000603800000, 0x0000000603800000| Untracked 
|   6|0x0000000603c00000, 0x0000000603c00000, 0x0000000604000000|  0%| F|  |TAMS 0x0000000603c00000, 0x0000000603c00000| Untracked 
|   7|0x0000000604000000, 0x0000000604000000, 0x0000000604400000|  0%| F|  |TAMS 0x0000000604000000, 0x0000000604000000| Untracked 
|   8|0x0000000604400000, 0x0000000604400000, 0x0000000604800000|  0%| F|  |TAMS 0x0000000604400000, 0x0000000604400000| Untracked 
|   9|0x0000000604800000, 0x0000000604800000, 0x0000000604c00000|  0%| F|  |TAMS 0x0000000604800000, 0x0000000604800000| Untracked 
|  10|0x0000000604c00000, 0x0000000604c00000, 0x0000000605000000|  0%| F|  |TAMS 0x0000000604c00000, 0x0000000604c00000| Untracked 
|  11|0x0000000605000000, 0x0000000605000000, 0x0000000605400000|  0%| F|  |TAMS 0x0000000605000000, 0x0000000605000000| Untracked 
|  12|0x0000000605400000, 0x0000000605400000, 0x0000000605800000|  0%| F|  |TAMS 0x0000000605400000, 0x0000000605400000| Untracked 
|  13|0x0000000605800000, 0x0000000605800000, 0x0000000605c00000|  0%| F|  |TAMS 0x0000000605800000, 0x0000000605800000| Untracked 
|  14|0x0000000605c00000, 0x0000000605c00000, 0x0000000606000000|  0%| F|  |TAMS 0x0000000605c00000, 0x0000000605c00000| Untracked 
|  15|0x0000000606000000, 0x0000000606000000, 0x0000000606400000|  0%| F|  |TAMS 0x0000000606000000, 0x0000000606000000| Untracked 
|  16|0x0000000606400000, 0x0000000606400000, 0x0000000606800000|  0%| F|  |TAMS 0x0000000606400000, 0x0000000606400000| Untracked 
|  17|0x0000000606800000, 0x0000000606800000, 0x0000000606c00000|  0%| F|  |TAMS 0x0000000606800000, 0x0000000606800000| Untracked 
|  18|0x0000000606c00000, 0x0000000606c00000, 0x0000000607000000|  0%| F|  |TAMS 0x0000000606c00000, 0x0000000606c00000| Untracked 
|  19|0x0000000607000000, 0x0000000607000000, 0x0000000607400000|  0%| F|  |TAMS 0x0000000607000000, 0x0000000607000000| Untracked 
|  20|0x0000000607400000, 0x0000000607400000, 0x0000000607800000|  0%| F|  |TAMS 0x0000000607400000, 0x0000000607400000| Untracked 
|  21|0x0000000607800000, 0x0000000607800000, 0x0000000607c00000|  0%| F|  |TAMS 0x0000000607800000, 0x0000000607800000| Untracked 
|  22|0x0000000607c00000, 0x0000000607c00000, 0x0000000608000000|  0%| F|  |TAMS 0x0000000607c00000, 0x0000000607c00000| Untracked 
|  23|0x0000000608000000, 0x0000000608000000, 0x0000000608400000|  0%| F|  |TAMS 0x0000000608000000, 0x0000000608000000| Untracked 
|  24|0x0000000608400000, 0x0000000608400000, 0x0000000608800000|  0%| F|  |TAMS 0x0000000608400000, 0x0000000608400000| Untracked 
|  25|0x0000000608800000, 0x0000000608800000, 0x0000000608c00000|  0%| F|  |TAMS 0x0000000608800000, 0x0000000608800000| Untracked 
|  26|0x0000000608c00000, 0x0000000608c00000, 0x0000000609000000|  0%| F|  |TAMS 0x0000000608c00000, 0x0000000608c00000| Untracked 
|  27|0x0000000609000000, 0x0000000609000000, 0x0000000609400000|  0%| F|  |TAMS 0x0000000609000000, 0x0000000609000000| Untracked 
|  28|0x0000000609400000, 0x0000000609400000, 0x0000000609800000|  0%| F|  |TAMS 0x0000000609400000, 0x0000000609400000| Untracked 
|  29|0x0000000609800000, 0x0000000609800000, 0x0000000609c00000|  0%| F|  |TAMS 0x0000000609800000, 0x0000000609800000| Untracked 
|  30|0x0000000609c00000, 0x0000000609c00000, 0x000000060a000000|  0%| F|  |TAMS 0x0000000609c00000, 0x0000000609c00000| Untracked 
|  31|0x000000060a000000, 0x000000060a000000, 0x000000060a400000|  0%| F|  |TAMS 0x000000060a000000, 0x000000060a000000| Untracked 
|  32|0x000000060a400000, 0x000000060a400000, 0x000000060a800000|  0%| F|  |TAMS 0x000000060a400000, 0x000000060a400000| Untracked 
|  33|0x000000060a800000, 0x000000060a800000, 0x000000060ac00000|  0%| F|  |TAMS 0x000000060a800000, 0x000000060a800000| Untracked 
|  34|0x000000060ac00000, 0x000000060ac00000, 0x000000060b000000|  0%| F|  |TAMS 0x000000060ac00000, 0x000000060ac00000| Untracked 
|  35|0x000000060b000000, 0x000000060b000000, 0x000000060b400000|  0%| F|  |TAMS 0x000000060b000000, 0x000000060b000000| Untracked 
|  36|0x000000060b400000, 0x000000060b400000, 0x000000060b800000|  0%| F|  |TAMS 0x000000060b400000, 0x000000060b400000| Untracked 
|  37|0x000000060b800000, 0x000000060b800000, 0x000000060bc00000|  0%| F|  |TAMS 0x000000060b800000, 0x000000060b800000| Untracked 
|  38|0x000000060bc00000, 0x000000060bc00000, 0x000000060c000000|  0%| F|  |TAMS 0x000000060bc00000, 0x000000060bc00000| Untracked 
|  39|0x000000060c000000, 0x000000060c000000, 0x000000060c400000|  0%| F|  |TAMS 0x000000060c000000, 0x000000060c000000| Untracked 
|  40|0x000000060c400000, 0x000000060c400000, 0x000000060c800000|  0%| F|  |TAMS 0x000000060c400000, 0x000000060c400000| Untracked 
|  41|0x000000060c800000, 0x000000060c800000, 0x000000060cc00000|  0%| F|  |TAMS 0x000000060c800000, 0x000000060c800000| Untracked 
|  42|0x000000060cc00000, 0x000000060cc00000, 0x000000060d000000|  0%| F|  |TAMS 0x000000060cc00000, 0x000000060cc00000| Untracked 
|  43|0x000000060d000000, 0x000000060d000000, 0x000000060d400000|  0%| F|  |TAMS 0x000000060d000000, 0x000000060d000000| Untracked 
|  44|0x000000060d400000, 0x000000060d400000, 0x000000060d800000|  0%| F|  |TAMS 0x000000060d400000, 0x000000060d400000| Untracked 
|  45|0x000000060d800000, 0x000000060d800000, 0x000000060dc00000|  0%| F|  |TAMS 0x000000060d800000, 0x000000060d800000| Untracked 
|  46|0x000000060dc00000, 0x000000060dc00000, 0x000000060e000000|  0%| F|  |TAMS 0x000000060dc00000, 0x000000060dc00000| Untracked 
|  47|0x000000060e000000, 0x000000060e000000, 0x000000060e400000|  0%| F|  |TAMS 0x000000060e000000, 0x000000060e000000| Untracked 
|  48|0x000000060e400000, 0x000000060e400000, 0x000000060e800000|  0%| F|  |TAMS 0x000000060e400000, 0x000000060e400000| Untracked 
|  49|0x000000060e800000, 0x000000060e800000, 0x000000060ec00000|  0%| F|  |TAMS 0x000000060e800000, 0x000000060e800000| Untracked 
|  50|0x000000060ec00000, 0x000000060ec00000, 0x000000060f000000|  0%| F|  |TAMS 0x000000060ec00000, 0x000000060ec00000| Untracked 
|  51|0x000000060f000000, 0x000000060f000000, 0x000000060f400000|  0%| F|  |TAMS 0x000000060f000000, 0x000000060f000000| Untracked 
|  52|0x000000060f400000, 0x000000060f400000, 0x000000060f800000|  0%| F|  |TAMS 0x000000060f400000, 0x000000060f400000| Untracked 
|  53|0x000000060f800000, 0x000000060f800000, 0x000000060fc00000|  0%| F|  |TAMS 0x000000060f800000, 0x000000060f800000| Untracked 
|  54|0x000000060fc00000, 0x000000060fc00000, 0x0000000610000000|  0%| F|  |TAMS 0x000000060fc00000, 0x000000060fc00000| Untracked 
|  55|0x0000000610000000, 0x0000000610000000, 0x0000000610400000|  0%| F|  |TAMS 0x0000000610000000, 0x0000000610000000| Untracked 
|  56|0x0000000610400000, 0x0000000610400000, 0x0000000610800000|  0%| F|  |TAMS 0x0000000610400000, 0x0000000610400000| Untracked 
|  57|0x0000000610800000, 0x0000000610800000, 0x0000000610c00000|  0%| F|  |TAMS 0x0000000610800000, 0x0000000610800000| Untracked 
|  58|0x0000000610c00000, 0x0000000610c00000, 0x0000000611000000|  0%| F|  |TAMS 0x0000000610c00000, 0x0000000610c00000| Untracked 
|  59|0x0000000611000000, 0x0000000611000000, 0x0000000611400000|  0%| F|  |TAMS 0x0000000611000000, 0x0000000611000000| Untracked 
|  60|0x0000000611400000, 0x0000000611400000, 0x0000000611800000|  0%| F|  |TAMS 0x0000000611400000, 0x0000000611400000| Untracked 
|  61|0x0000000611800000, 0x0000000611800000, 0x0000000611c00000|  0%| F|  |TAMS 0x0000000611800000, 0x0000000611800000| Untracked 
|  62|0x0000000611c00000, 0x0000000611c00000, 0x0000000612000000|  0%| F|  |TAMS 0x0000000611c00000, 0x0000000611c00000| Untracked 
|  63|0x0000000612000000, 0x0000000612000000, 0x0000000612400000|  0%| F|  |TAMS 0x0000000612000000, 0x0000000612000000| Untracked 
|  64|0x0000000612400000, 0x0000000612400000, 0x0000000612800000|  0%| F|  |TAMS 0x0000000612400000, 0x0000000612400000| Untracked 
|  65|0x0000000612800000, 0x0000000612800000, 0x0000000612c00000|  0%| F|  |TAMS 0x0000000612800000, 0x0000000612800000| Untracked 
|  66|0x0000000612c00000, 0x0000000612c00000, 0x0000000613000000|  0%| F|  |TAMS 0x0000000612c00000, 0x0000000612c00000| Untracked 
|  67|0x0000000613000000, 0x0000000613000000, 0x0000000613400000|  0%| F|  |TAMS 0x0000000613000000, 0x0000000613000000| Untracked 
|  68|0x0000000613400000, 0x0000000613400000, 0x0000000613800000|  0%| F|  |TAMS 0x0000000613400000, 0x0000000613400000| Untracked 
|  69|0x0000000613800000, 0x0000000613800000, 0x0000000613c00000|  0%| F|  |TAMS 0x0000000613800000, 0x0000000613800000| Untracked 
|  70|0x0000000613c00000, 0x0000000613c00000, 0x0000000614000000|  0%| F|  |TAMS 0x0000000613c00000, 0x0000000613c00000| Untracked 
|  71|0x0000000614000000, 0x0000000614000000, 0x0000000614400000|  0%| F|  |TAMS 0x0000000614000000, 0x0000000614000000| Untracked 
|  72|0x0000000614400000, 0x0000000614400000, 0x0000000614800000|  0%| F|  |TAMS 0x0000000614400000, 0x0000000614400000| Untracked 
|  73|0x0000000614800000, 0x0000000614800000, 0x0000000614c00000|  0%| F|  |TAMS 0x0000000614800000, 0x0000000614800000| Untracked 
|  74|0x0000000614c00000, 0x0000000614c00000, 0x0000000615000000|  0%| F|  |TAMS 0x0000000614c00000, 0x0000000614c00000| Untracked 
|  75|0x0000000615000000, 0x0000000615000000, 0x0000000615400000|  0%| F|  |TAMS 0x0000000615000000, 0x0000000615000000| Untracked 
|  76|0x0000000615400000, 0x0000000615400000, 0x0000000615800000|  0%| F|  |TAMS 0x0000000615400000, 0x0000000615400000| Untracked 
|  77|0x0000000615800000, 0x0000000615800000, 0x0000000615c00000|  0%| F|  |TAMS 0x0000000615800000, 0x0000000615800000| Untracked 
|  78|0x0000000615c00000, 0x0000000615c00000, 0x0000000616000000|  0%| F|  |TAMS 0x0000000615c00000, 0x0000000615c00000| Untracked 
|  79|0x0000000616000000, 0x0000000616000000, 0x0000000616400000|  0%| F|  |TAMS 0x0000000616000000, 0x0000000616000000| Untracked 
|  80|0x0000000616400000, 0x0000000616400000, 0x0000000616800000|  0%| F|  |TAMS 0x0000000616400000, 0x0000000616400000| Untracked 
|  81|0x0000000616800000, 0x0000000616800000, 0x0000000616c00000|  0%| F|  |TAMS 0x0000000616800000, 0x0000000616800000| Untracked 
|  82|0x0000000616c00000, 0x0000000616c00000, 0x0000000617000000|  0%| F|  |TAMS 0x0000000616c00000, 0x0000000616c00000| Untracked 
|  83|0x0000000617000000, 0x0000000617000000, 0x0000000617400000|  0%| F|  |TAMS 0x0000000617000000, 0x0000000617000000| Untracked 
|  84|0x0000000617400000, 0x0000000617400000, 0x0000000617800000|  0%| F|  |TAMS 0x0000000617400000, 0x0000000617400000| Untracked 
|  85|0x0000000617800000, 0x0000000617800000, 0x0000000617c00000|  0%| F|  |TAMS 0x0000000617800000, 0x0000000617800000| Untracked 
|  86|0x0000000617c00000, 0x0000000617c00000, 0x0000000618000000|  0%| F|  |TAMS 0x0000000617c00000, 0x0000000617c00000| Untracked 
|  87|0x0000000618000000, 0x0000000618000000, 0x0000000618400000|  0%| F|  |TAMS 0x0000000618000000, 0x0000000618000000| Untracked 
|  88|0x0000000618400000, 0x0000000618400000, 0x0000000618800000|  0%| F|  |TAMS 0x0000000618400000, 0x0000000618400000| Untracked 
|  89|0x0000000618800000, 0x0000000618800000, 0x0000000618c00000|  0%| F|  |TAMS 0x0000000618800000, 0x0000000618800000| Untracked 
|  90|0x0000000618c00000, 0x0000000618c00000, 0x0000000619000000|  0%| F|  |TAMS 0x0000000618c00000, 0x0000000618c00000| Untracked 
|  91|0x0000000619000000, 0x0000000619000000, 0x0000000619400000|  0%| F|  |TAMS 0x0000000619000000, 0x0000000619000000| Untracked 
|  92|0x0000000619400000, 0x0000000619400000, 0x0000000619800000|  0%| F|  |TAMS 0x0000000619400000, 0x0000000619400000| Untracked 
|  93|0x0000000619800000, 0x0000000619800000, 0x0000000619c00000|  0%| F|  |TAMS 0x0000000619800000, 0x0000000619800000| Untracked 
|  94|0x0000000619c00000, 0x0000000619c00000, 0x000000061a000000|  0%| F|  |TAMS 0x0000000619c00000, 0x0000000619c00000| Untracked 
|  95|0x000000061a000000, 0x000000061a000000, 0x000000061a400000|  0%| F|  |TAMS 0x000000061a000000, 0x000000061a000000| Untracked 
|  96|0x000000061a400000, 0x000000061a400000, 0x000000061a800000|  0%| F|  |TAMS 0x000000061a400000, 0x000000061a400000| Untracked 
|  97|0x000000061a800000, 0x000000061a800000, 0x000000061ac00000|  0%| F|  |TAMS 0x000000061a800000, 0x000000061a800000| Untracked 
|  98|0x000000061ac00000, 0x000000061ac00000, 0x000000061b000000|  0%| F|  |TAMS 0x000000061ac00000, 0x000000061ac00000| Untracked 
|  99|0x000000061b000000, 0x000000061b000000, 0x000000061b400000|  0%| F|  |TAMS 0x000000061b000000, 0x000000061b000000| Untracked 
| 100|0x000000061b400000, 0x000000061b400000, 0x000000061b800000|  0%| F|  |TAMS 0x000000061b400000, 0x000000061b400000| Untracked 
| 101|0x000000061b800000, 0x000000061b800000, 0x000000061bc00000|  0%| F|  |TAMS 0x000000061b800000, 0x000000061b800000| Untracked 
| 102|0x000000061bc00000, 0x000000061bc00000, 0x000000061c000000|  0%| F|  |TAMS 0x000000061bc00000, 0x000000061bc00000| Untracked 
| 103|0x000000061c000000, 0x000000061c000000, 0x000000061c400000|  0%| F|  |TAMS 0x000000061c000000, 0x000000061c000000| Untracked 
| 104|0x000000061c400000, 0x000000061c400000, 0x000000061c800000|  0%| F|  |TAMS 0x000000061c400000, 0x000000061c400000| Untracked 
| 105|0x000000061c800000, 0x000000061c800000, 0x000000061cc00000|  0%| F|  |TAMS 0x000000061c800000, 0x000000061c800000| Untracked 
| 106|0x000000061cc00000, 0x000000061cc00000, 0x000000061d000000|  0%| F|  |TAMS 0x000000061cc00000, 0x000000061cc00000| Untracked 
| 107|0x000000061d000000, 0x000000061d000000, 0x000000061d400000|  0%| F|  |TAMS 0x000000061d000000, 0x000000061d000000| Untracked 
| 108|0x000000061d400000, 0x000000061d400000, 0x000000061d800000|  0%| F|  |TAMS 0x000000061d400000, 0x000000061d400000| Untracked 
| 109|0x000000061d800000, 0x000000061d800000, 0x000000061dc00000|  0%| F|  |TAMS 0x000000061d800000, 0x000000061d800000| Untracked 
| 110|0x000000061dc00000, 0x000000061dc00000, 0x000000061e000000|  0%| F|  |TAMS 0x000000061dc00000, 0x000000061dc00000| Untracked 
| 111|0x000000061e000000, 0x000000061e000000, 0x000000061e400000|  0%| F|  |TAMS 0x000000061e000000, 0x000000061e000000| Untracked 
| 112|0x000000061e400000, 0x000000061e400000, 0x000000061e800000|  0%| F|  |TAMS 0x000000061e400000, 0x000000061e400000| Untracked 
| 113|0x000000061e800000, 0x000000061e800000, 0x000000061ec00000|  0%| F|  |TAMS 0x000000061e800000, 0x000000061e800000| Untracked 
| 114|0x000000061ec00000, 0x000000061ec00000, 0x000000061f000000|  0%| F|  |TAMS 0x000000061ec00000, 0x000000061ec00000| Untracked 
| 115|0x000000061f000000, 0x000000061f000000, 0x000000061f400000|  0%| F|  |TAMS 0x000000061f000000, 0x000000061f000000| Untracked 
| 116|0x000000061f400000, 0x000000061f400000, 0x000000061f800000|  0%| F|  |TAMS 0x000000061f400000, 0x000000061f400000| Untracked 
| 117|0x000000061f800000, 0x000000061f800000, 0x000000061fc00000|  0%| F|  |TAMS 0x000000061f800000, 0x000000061f800000| Untracked 
| 118|0x000000061fc00000, 0x000000061fc00000, 0x0000000620000000|  0%| F|  |TAMS 0x000000061fc00000, 0x000000061fc00000| Untracked 
| 119|0x0000000620000000, 0x0000000620000000, 0x0000000620400000|  0%| F|  |TAMS 0x0000000620000000, 0x0000000620000000| Untracked 
| 120|0x0000000620400000, 0x0000000620400000, 0x0000000620800000|  0%| F|  |TAMS 0x0000000620400000, 0x0000000620400000| Untracked 
| 121|0x0000000620800000, 0x0000000620800000, 0x0000000620c00000|  0%| F|  |TAMS 0x0000000620800000, 0x0000000620800000| Untracked 
| 122|0x0000000620c00000, 0x0000000620c00000, 0x0000000621000000|  0%| F|  |TAMS 0x0000000620c00000, 0x0000000620c00000| Untracked 
| 123|0x0000000621000000, 0x0000000621000000, 0x0000000621400000|  0%| F|  |TAMS 0x0000000621000000, 0x0000000621000000| Untracked 
| 124|0x0000000621400000, 0x0000000621400000, 0x0000000621800000|  0%| F|  |TAMS 0x0000000621400000, 0x0000000621400000| Untracked 
| 125|0x0000000621800000, 0x0000000621800000, 0x0000000621c00000|  0%| F|  |TAMS 0x0000000621800000, 0x0000000621800000| Untracked 
| 126|0x0000000621c00000, 0x0000000621f5d5e0, 0x0000000622000000| 84%| E|  |TAMS 0x0000000621c00000, 0x0000000621c00000| Complete 
| 127|0x0000000622000000, 0x0000000622400000, 0x0000000622400000|100%| E|CS|TAMS 0x0000000622000000, 0x0000000622000000| Complete 

Card table byte_map: [0x0000027d63240000,0x0000027d64230000] _byte_map_base: 0x0000027d6022e000

Marking Bits (Prev, Next): (CMBitMap*) 0x0000027d4869afd0, (CMBitMap*) 0x0000027d4869b010
 Prev Bits: [0x0000027d65220000, 0x0000027d6d190000)
 Next Bits: [0x0000027d6d190000, 0x0000027d75100000)

Polling page: 0x0000027d48590000

Metaspace:

Usage:
  Non-class:      5.33 MB capacity,     5.28 MB (>99%) used,    39.31 KB ( <1%) free+waste,     8.88 KB ( <1%) overhead. 
      Class:    734.00 KB capacity,   649.25 KB ( 88%) used,    80.56 KB ( 11%) free+waste,     4.19 KB ( <1%) overhead. 
       Both:      6.05 MB capacity,     5.92 MB ( 98%) used,   119.88 KB (  2%) free+waste,    13.06 KB ( <1%) overhead. 

Virtual space:
  Non-class space:        8.00 MB reserved,       5.50 MB ( 69%) committed 
      Class space:        1.00 GB reserved,     768.00 KB ( <1%) committed 
             Both:        1.01 GB reserved,       6.25 MB ( <1%) committed 

Chunk freelists:
   Non-Class:  46.00 KB
       Class:  2.00 KB
        Both:  48.00 KB

MaxMetaspaceSize: 17179869184.00 GB
CompressedClassSpaceSize: 1.00 GB

CodeHeap 'non-profiled nmethods': size=119168Kb used=185Kb max_used=185Kb free=118982Kb
 bounds [0x0000027d59e10000, 0x0000027d5a080000, 0x0000027d61270000]
CodeHeap 'profiled nmethods': size=119104Kb used=1025Kb max_used=1025Kb free=118078Kb
 bounds [0x0000027d529c0000, 0x0000027d52c30000, 0x0000027d59e10000]
CodeHeap 'non-nmethods': size=7488Kb used=2925Kb max_used=2941Kb free=4563Kb
 bounds [0x0000027d52270000, 0x0000027d52560000, 0x0000027d529c0000]
 total_blobs=1184 nmethods=671 adapters=423
 compilation: enabled
              stopped_count=0, restarted_count=0
 full_count=0

Compilation events (20 events):
Event: 0.584 Thread 0x0000027d781816d0 nmethod 663 0x0000027d52abbb10 code [0x0000027d52abbcc0, 0x0000027d52abbf28]
Event: 0.584 Thread 0x0000027d7817c470 nmethod 642 0x0000027d59e3c090 code [0x0000027d59e3c2a0, 0x0000027d59e3ce30]
Event: 0.584 Thread 0x0000027d7817c470  656       4       java.lang.String::isLatin1 (19 bytes)
Event: 0.584 Thread 0x0000027d7817c470 nmethod 656 0x0000027d59e3d490 code [0x0000027d59e3d600, 0x0000027d59e3d678]
Event: 0.584 Thread 0x0000027d7817c470  661       4       java.lang.CharacterDataLatin1::getProperties (11 bytes)
Event: 0.585 Thread 0x0000027d7817c470 nmethod 661 0x0000027d59e3d790 code [0x0000027d59e3d900, 0x0000027d59e3d998]
Event: 0.585 Thread 0x0000027d7817c470  664       4       jdk.internal.org.objectweb.asm.SymbolTable::put (150 bytes)
Event: 0.585 Thread 0x0000027d781816d0  665       3       jdk.internal.org.objectweb.asm.MethodWriter::visitFieldInsn (258 bytes)
Event: 0.585 Thread 0x0000027d78b154a0  666       3       jdk.internal.org.objectweb.asm.SymbolTable::addConstantFieldref (10 bytes)
Event: 0.585 Thread 0x0000027d78b154a0 nmethod 666 0x0000027d52abc010 code [0x0000027d52abc1c0, 0x0000027d52abc308]
Event: 0.586 Thread 0x0000027d78b154a0  667       3       java.lang.invoke.InvokerBytecodeGenerator::storeInsnOpcode (87 bytes)
Event: 0.586 Thread 0x0000027d781816d0 nmethod 665 0x0000027d52abc390 code [0x0000027d52abc5e0, 0x0000027d52abd148]
Event: 0.586 Thread 0x0000027d78b154a0 nmethod 667 0x0000027d52abd510 code [0x0000027d52abd760, 0x0000027d52abe0b8]
Event: 0.586 Thread 0x0000027d78b154a0  668       3       java.lang.invoke.LambdaFormBuffer::changeName (149 bytes)
Event: 0.586 Thread 0x0000027d78b0edf0  669       3       java.lang.invoke.LambdaForm$Name::internArguments (59 bytes)
Event: 0.586 Thread 0x0000027d781816d0  670       3       jdk.internal.org.objectweb.asm.Frame::pop (53 bytes)
Event: 0.586 Thread 0x0000027d78b154a0 nmethod 668 0x0000027d52abe410 code [0x0000027d52abe5e0, 0x0000027d52abeb48]
Event: 0.586 Thread 0x0000027d78b0edf0 nmethod 669 0x0000027d52abed10 code [0x0000027d52abef00, 0x0000027d52abf628]
Event: 0.586 Thread 0x0000027d7817c470 nmethod 664 0x0000027d59e3da90 code [0x0000027d59e3dc20, 0x0000027d59e3df38]
Event: 0.587 Thread 0x0000027d781816d0 nmethod 670 0x0000027d52abf810 code [0x0000027d52abfa40, 0x0000027d52ac0178]

GC Heap History (0 events):
No events

Deoptimization events (20 events):
Event: 0.085 Thread 0x0000027d48875cd0 Uncommon trap: trap_request=0xffffffde fr.pc=0x0000027d59e1dcf0 relative=0x0000000000000790
Event: 0.085 Thread 0x0000027d48875cd0 Uncommon trap: reason=class_check action=maybe_recompile pc=0x0000027d59e1dcf0 method=java.util.HashMap.putVal(ILjava/lang/Object;Ljava/lang/Object;ZZ)Ljava/lang/Object; @ 152 c2
Event: 0.085 Thread 0x0000027d48875cd0 DEOPT PACKING pc=0x0000027d59e1dcf0 sp=0x000000fa9affe390
Event: 0.085 Thread 0x0000027d48875cd0 DEOPT UNPACKING pc=0x0000027d522be42f sp=0x000000fa9affe310 mode 2
Event: 0.516 Thread 0x0000027d48875cd0 Uncommon trap: trap_request=0xffffffde fr.pc=0x0000027d59e1dcf0 relative=0x0000000000000790
Event: 0.516 Thread 0x0000027d48875cd0 Uncommon trap: reason=class_check action=maybe_recompile pc=0x0000027d59e1dcf0 method=java.util.HashMap.putVal(ILjava/lang/Object;Ljava/lang/Object;ZZ)Ljava/lang/Object; @ 152 c2
Event: 0.516 Thread 0x0000027d48875cd0 DEOPT PACKING pc=0x0000027d59e1dcf0 sp=0x000000fa9affea40
Event: 0.516 Thread 0x0000027d48875cd0 DEOPT UNPACKING pc=0x0000027d522be42f sp=0x000000fa9affe9c0 mode 2
Event: 0.516 Thread 0x0000027d48875cd0 Uncommon trap: trap_request=0xffffffde fr.pc=0x0000027d59e1dcf0 relative=0x0000000000000790
Event: 0.516 Thread 0x0000027d48875cd0 Uncommon trap: reason=class_check action=maybe_recompile pc=0x0000027d59e1dcf0 method=java.util.HashMap.putVal(ILjava/lang/Object;Ljava/lang/Object;ZZ)Ljava/lang/Object; @ 152 c2
Event: 0.516 Thread 0x0000027d48875cd0 DEOPT PACKING pc=0x0000027d59e1dcf0 sp=0x000000fa9affea40
Event: 0.516 Thread 0x0000027d48875cd0 DEOPT UNPACKING pc=0x0000027d522be42f sp=0x000000fa9affe9c0 mode 2
Event: 0.516 Thread 0x0000027d48875cd0 Uncommon trap: trap_request=0xffffffde fr.pc=0x0000027d59e1dcf0 relative=0x0000000000000790
Event: 0.516 Thread 0x0000027d48875cd0 Uncommon trap: reason=class_check action=maybe_recompile pc=0x0000027d59e1dcf0 method=java.util.HashMap.putVal(ILjava/lang/Object;Ljava/lang/Object;ZZ)Ljava/lang/Object; @ 152 c2
Event: 0.516 Thread 0x0000027d48875cd0 DEOPT PACKING pc=0x0000027d59e1dcf0 sp=0x000000fa9affea40
Event: 0.516 Thread 0x0000027d48875cd0 DEOPT UNPACKING pc=0x0000027d522be42f sp=0x000000fa9affe9c0 mode 2
Event: 0.529 Thread 0x0000027d78f10d00 Uncommon trap: trap_request=0xffffff45 fr.pc=0x0000027d59e3897c relative=0x000000000000081c
Event: 0.529 Thread 0x0000027d78f10d00 Uncommon trap: reason=unstable_if action=reinterpret pc=0x0000027d59e3897c method=java.util.HashMap.putVal(ILjava/lang/Object;Ljava/lang/Object;ZZ)Ljava/lang/Object; @ 181 c2
Event: 0.529 Thread 0x0000027d78f10d00 DEOPT PACKING pc=0x0000027d59e3897c sp=0x000000fa9c8fdc70
Event: 0.529 Thread 0x0000027d78f10d00 DEOPT UNPACKING pc=0x0000027d522be42f sp=0x000000fa9c8fdc00 mode 2

Classes unloaded (0 events):
No events

Classes redefined (0 events):
No events

Internal exceptions (14 events):
Event: 0.098 Thread 0x0000027d78bd6120 Exception <a 'java/lang/NoSuchMethodError'{0x00000006222e9e60}: 'java.lang.Object java.lang.invoke.DirectMethodHandle$Holder.invokeStatic(java.lang.Object)'> (0x00000006222e9e60) 
thrown [./open/src/hotspot/share/interpreter/linkResolver.cpp, line 782]
Event: 0.098 Thread 0x0000027d78bd6120 Exception <a 'java/lang/NoSuchMethodError'{0x00000006222ed770}: 'java.lang.Object java.lang.invoke.DirectMethodHandle$Holder.invokeStaticInit(java.lang.Object)'> (0x00000006222ed770) 
thrown [./open/src/hotspot/share/interpreter/linkResolver.cpp, line 782]
Event: 0.103 Thread 0x0000027d48875cd0 Exception <a 'java/lang/NoSuchMethodError'{0x00000006221fd398}: 'void java.lang.invoke.DirectMethodHandle$Holder.invokeSpecial(java.lang.Object, java.lang.Object, java.lang.Object)'> (0x00000006221fd398) 
thrown [./open/src/hotspot/share/interpreter/linkResolver.cpp, line 782]
Event: 0.105 Thread 0x0000027d78bd6120 Exception <a 'java/lang/NoSuchMethodError'{0x00000006222fab18}: 'void java.lang.invoke.DirectMethodHandle$Holder.invokeStatic(java.lang.Object, java.lang.Object)'> (0x00000006222fab18) 
thrown [./open/src/hotspot/share/interpreter/linkResolver.cpp, line 782]
Event: 0.111 Thread 0x0000027d48875cd0 Exception <a 'java/lang/ClassNotFoundException'{0x0000000622213840}: sun/awt/resources/spi/awtProvider> (0x0000000622213840) 
thrown [./open/src/hotspot/share/classfile/systemDictionary.cpp, line 295]
Event: 0.135 Thread 0x0000027d48875cd0 Exception <a 'java/io/FileNotFoundException'{0x00000006223dbed8}> (0x00000006223dbed8) 
thrown [./open/src/hotspot/share/prims/jni.cpp, line 578]
Event: 0.141 Thread 0x0000027d48875cd0 Exception <a 'java/io/FileNotFoundException'{0x0000000621c0b340}> (0x0000000621c0b340) 
thrown [./open/src/hotspot/share/prims/jni.cpp, line 578]
Event: 0.490 Thread 0x0000027d48875cd0 Exception <a 'java/lang/NoSuchMethodError'{0x0000000621d43cb0}: 'java.lang.Object java.lang.invoke.DirectMethodHandle$Holder.newInvokeSpecial(java.lang.Object, java.lang.Object, java.lang.Object, java.lang.Object, java.lang.Object)'> (0x0000000621d43cb0) 
thrown [./open/src/hotspot/share/interpreter/linkResolver.cpp, line 782]
Event: 0.491 Thread 0x0000027d48875cd0 Exception <a 'java/lang/NoSuchMethodError'{0x0000000621d4f740}: 'java.lang.Object java.lang.invoke.DirectMethodHandle$Holder.invokeStatic(java.lang.Object, int, java.lang.Object, java.lang.Object, java.lang.Object, java.lang.Object)'> (0x0000000621d4f740) 
thrown [./open/src/hotspot/share/interpreter/linkResolver.cpp, line 782]
Event: 0.494 Thread 0x0000027d48875cd0 Exception <a 'java/lang/NoSuchMethodError'{0x0000000621d75c48}: 'java.lang.Object java.lang.invoke.DirectMethodHandle$Holder.invokeStatic(java.lang.Object, int, java.lang.Object)'> (0x0000000621d75c48) 
thrown [./open/src/hotspot/share/interpreter/linkResolver.cpp, line 782]
Event: 0.515 Thread 0x0000027d48875cd0 Exception <a 'java/lang/ClassNotFoundException'{0x0000000621e2e118}: com/sun/swing/internal/plaf/metal/resources/spi/metalProvider> (0x0000000621e2e118) 
thrown [./open/src/hotspot/share/classfile/systemDictionary.cpp, line 295]
Event: 0.516 Thread 0x0000027d48875cd0 Exception <a 'java/lang/ClassNotFoundException'{0x0000000621e32b10}: com/sun/swing/internal/plaf/basic/resources/spi/basicProvider> (0x0000000621e32b10) 
thrown [./open/src/hotspot/share/classfile/systemDictionary.cpp, line 295]
Event: 0.554 Thread 0x0000027d48875cd0 Exception <a 'java/lang/NoSuchMethodError'{0x0000000621e72448}: 'void java.lang.invoke.DirectMethodHandle$Holder.invokeStaticInit(java.lang.Object)'> (0x0000000621e72448) 
thrown [./open/src/hotspot/share/interpreter/linkResolver.cpp, line 782]
Event: 0.571 Thread 0x0000027d48875cd0 Exception <a 'java/io/FileNotFoundException'{0x0000000621e7e9b8}> (0x0000000621e7e9b8) 
thrown [./open/src/hotspot/share/prims/jni.cpp, line 578]

Events (20 events):
Event: 0.582 loading class sun/awt/Win32FontManager$2
Event: 0.582 loading class sun/awt/Win32FontManager$2 done
Event: 0.582 loading class sun/awt/FontConfiguration$2
Event: 0.583 loading class sun/awt/FontConfiguration$2 done
Event: 0.583 loading class sun/awt/windows/WDefaultFontCharset
Event: 0.583 loading class sun/awt/AWTCharset
Event: 0.583 loading class sun/awt/AWTCharset done
Event: 0.583 loading class sun/awt/windows/WDefaultFontCharset done
Event: 0.583 loading class sun/awt/windows/WDefaultFontCharset$Encoder
Event: 0.583 loading class sun/awt/AWTCharset$Encoder
Event: 0.583 loading class sun/awt/AWTCharset$Encoder done
Event: 0.583 loading class sun/awt/windows/WDefaultFontCharset$Encoder done
Event: 0.584 loading class sun/awt/windows/WingDings
Event: 0.584 loading class sun/awt/windows/WingDings done
Event: 0.584 loading class sun/awt/windows/WingDings$Encoder
Event: 0.584 loading class sun/awt/windows/WingDings$Encoder done
Event: 0.584 loading class sun/awt/Symbol
Event: 0.584 loading class sun/awt/Symbol done
Event: 0.584 loading class sun/awt/Symbol$Encoder
Event: 0.585 loading class sun/awt/Symbol$Encoder done


Dynamic libraries:
0x00007ff753910000 - 0x00007ff75391f000 	C:\Program Files\Java\jdk-15.0.2\bin\java.exe
0x00007ffa66e90000 - 0x00007ffa67085000 	C:\Windows\SYSTEM32\ntdll.dll
0x00007ffa66b40000 - 0x00007ffa66bfd000 	C:\Windows\System32\KERNEL32.DLL
0x00007ffa64ba0000 - 0x00007ffa64e68000 	C:\Windows\System32\KERNELBASE.dll
0x00007ffa64950000 - 0x00007ffa64a50000 	C:\Windows\System32\ucrtbase.dll
0x00007ffa61d70000 - 0x00007ffa61d88000 	C:\Program Files\Java\jdk-15.0.2\bin\jli.dll
0x00007ffa5c6f0000 - 0x00007ffa5c709000 	C:\Program Files\Java\jdk-15.0.2\bin\VCRUNTIME140.dll
0x00007ffa669e0000 - 0x00007ffa66a8c000 	C:\Windows\System32\ADVAPI32.dll
0x00007ffa65700000 - 0x00007ffa6579e000 	C:\Windows\System32\msvcrt.dll
0x00007ffa66db0000 - 0x00007ffa66e4b000 	C:\Windows\System32\sechost.dll
0x00007ffa658b0000 - 0x00007ffa659db000 	C:\Windows\System32\RPCRT4.dll
0x00007ffa66790000 - 0x00007ffa66930000 	C:\Windows\System32\USER32.dll
0x00007ffa4fed0000 - 0x00007ffa5016a000 	C:\Windows\WinSxS\amd64_microsoft.windows.common-controls_6595b64144ccf1df_6.0.19041.844_none_ca00b6081b84eb1d\COMCTL32.dll
0x00007ffa645d0000 - 0x00007ffa645f2000 	C:\Windows\System32\win32u.dll
0x00007ffa669b0000 - 0x00007ffa669da000 	C:\Windows\System32\GDI32.dll
0x00007ffa64840000 - 0x00007ffa6494b000 	C:\Windows\System32\gdi32full.dll
0x00007ffa64b00000 - 0x00007ffa64b9d000 	C:\Windows\System32\msvcp_win.dll
0x00007ffa5e350000 - 0x00007ffa5e35a000 	C:\Windows\SYSTEM32\VERSION.dll
0x00007ffa66120000 - 0x00007ffa66150000 	C:\Windows\System32\IMM32.DLL
0x00007ffa5c6e0000 - 0x00007ffa5c6ec000 	C:\Program Files\Java\jdk-15.0.2\bin\vcruntime140_1.dll
0x00007ffa42720000 - 0x00007ffa427b1000 	C:\Program Files\Java\jdk-15.0.2\bin\msvcp140.dll
0x00007ff9cb0b0000 - 0x00007ff9cbc0e000 	C:\Program Files\Java\jdk-15.0.2\bin\server\jvm.dll
0x00007ffa66780000 - 0x00007ffa66788000 	C:\Windows\System32\PSAPI.DLL
0x00007ffa52890000 - 0x00007ffa528b7000 	C:\Windows\SYSTEM32\WINMM.dll
0x00007ffa5c630000 - 0x00007ffa5c639000 	C:\Windows\SYSTEM32\WSOCK32.dll
0x00007ffa66290000 - 0x00007ffa662fb000 	C:\Windows\System32\WS2_32.dll
0x00007ffa62530000 - 0x00007ffa62542000 	C:\Windows\SYSTEM32\kernel.appcore.dll
0x00007ffa5c620000 - 0x00007ffa5c62a000 	C:\Program Files\Java\jdk-15.0.2\bin\jimage.dll
0x00007ffa443d0000 - 0x00007ffa445b4000 	C:\Windows\SYSTEM32\DBGHELP.DLL
0x00007ffa42b00000 - 0x00007ffa42b2c000 	C:\Windows\SYSTEM32\dbgcore.DLL
0x00007ffa64600000 - 0x00007ffa64680000 	C:\Windows\System32\bcryptPrimitives.dll
0x00007ffa51990000 - 0x00007ffa5199e000 	C:\Program Files\Java\jdk-15.0.2\bin\instrument.dll
0x00007ffa5c5f0000 - 0x00007ffa5c615000 	C:\Program Files\Java\jdk-15.0.2\bin\java.dll
0x00007ffa64f00000 - 0x00007ffa65642000 	C:\Windows\System32\SHELL32.dll
0x00007ffa62730000 - 0x00007ffa62ec1000 	C:\Windows\SYSTEM32\windows.storage.dll
0x00007ffa66300000 - 0x00007ffa66655000 	C:\Windows\System32\combase.dll
0x00007ffa64040000 - 0x00007ffa6406c000 	C:\Windows\SYSTEM32\Wldp.dll
0x00007ffa65650000 - 0x00007ffa656fe000 	C:\Windows\System32\SHCORE.dll
0x00007ffa65b10000 - 0x00007ffa65b65000 	C:\Windows\System32\shlwapi.dll
0x00007ffa64510000 - 0x00007ffa6452f000 	C:\Windows\SYSTEM32\profapi.dll
0x00007ffa5c1c0000 - 0x00007ffa5c1d8000 	C:\Program Files\Java\jdk-15.0.2\bin\zip.dll
0x00007ffa5c530000 - 0x00007ffa5c549000 	C:\Program Files\Java\jdk-15.0.2\bin\net.dll
0x00007ffa5cc20000 - 0x00007ffa5cd2b000 	C:\Windows\SYSTEM32\WINHTTP.dll
0x00007ffa63db0000 - 0x00007ffa63e1a000 	C:\Windows\system32\mswsock.dll
0x00007ffa5c1e0000 - 0x00007ffa5c1f2000 	C:\Program Files\Java\jdk-15.0.2\bin\nio.dll
0x00007ffa3a010000 - 0x00007ffa3a02a000 	C:\Program Files\JetBrains\IntelliJ IDEA Community Edition 2020.3.1\bin\breakgen64.dll
0x00007ffa425a0000 - 0x00007ffa42720000 	C:\Program Files\Java\jdk-15.0.2\bin\awt.dll
0x00007ffa65b70000 - 0x00007ffa65c3d000 	C:\Windows\System32\OLEAUT32.dll
0x00007ffa61ea0000 - 0x00007ffa61f30000 	C:\Windows\SYSTEM32\apphelp.dll
0x00007ffa62350000 - 0x00007ffa6237f000 	C:\Windows\system32\DWMAPI.DLL
0x00007ffa61fd0000 - 0x00007ffa6206e000 	C:\Windows\system32\uxtheme.dll
0x00007ffa442a0000 - 0x00007ffa443c6000 	C:\Windows\system32\opengl32.dll
0x00007ffa44f30000 - 0x00007ffa44f5c000 	C:\Windows\SYSTEM32\GLU32.dll
0x00007ffa66660000 - 0x00007ffa66775000 	C:\Windows\System32\MSCTF.dll
0x00007ffa659e0000 - 0x00007ffa65b0a000 	C:\Windows\System32\ole32.dll
0x00007ffa57940000 - 0x00007ffa57b0e000 	C:\Windows\system32\d3d9.dll
0x00007ffa51880000 - 0x00007ffa51985000 	C:\Windows\System32\DriverStore\FileRepository\nv_dispi.inf_amd64_a494df49ba2f9f36\nvldumdx.dll
0x00007ffa641c0000 - 0x00007ffa641d2000 	C:\Windows\SYSTEM32\msasn1.dll
0x00007ffa5d940000 - 0x00007ffa5d971000 	C:\Windows\SYSTEM32\cryptnet.dll
0x00007ffa64680000 - 0x00007ffa647df000 	C:\Windows\System32\CRYPT32.dll
0x00007ffa63fa0000 - 0x00007ffa63fac000 	C:\Windows\SYSTEM32\cryptbase.dll
0x00007ffa647e0000 - 0x00007ffa64840000 	C:\Windows\System32\WINTRUST.DLL
0x00007ffa65890000 - 0x00007ffa658ad000 	C:\Windows\System32\imagehlp.dll
0x00007ffa63f80000 - 0x00007ffa63f98000 	C:\Windows\SYSTEM32\CRYPTSP.dll
0x00007ffa636e0000 - 0x00007ffa63714000 	C:\Windows\system32\rsaenh.dll
0x00007ffa64e70000 - 0x00007ffa64e97000 	C:\Windows\System32\bcrypt.dll
0x00007ff9967b0000 - 0x00007ff997f68000 	C:\Windows\System32\DriverStore\FileRepository\nv_dispi.inf_amd64_a494df49ba2f9f36\nvd3dumx.dll
0x00007ffa04cf0000 - 0x00007ffa04e53000 	C:\Windows\System32\DriverStore\FileRepository\iigd_dch.inf_amd64_a086f01cc7be643a\igdumdim64.dll
0x00007ffa012e0000 - 0x00007ffa04ce4000 	C:\Windows\System32\DriverStore\FileRepository\iigd_dch.inf_amd64_a086f01cc7be643a\igd9dxva64.dll
0x00007ffa65c40000 - 0x00007ffa660a9000 	C:\Windows\System32\SETUPAPI.dll
0x00007ffa64ea0000 - 0x00007ffa64eee000 	C:\Windows\System32\cfgmgr32.dll
0x00007ffa4dbc0000 - 0x00007ffa4ddff000 	C:\Windows\System32\DriverStore\FileRepository\iigd_dch.inf_amd64_a086f01cc7be643a\igdgmm64.dll
0x00007ffa22b00000 - 0x00007ffa22dbe000 	C:\Windows\system32\nvspcap64.dll
0x00007ffa63310000 - 0x00007ffa63343000 	C:\Windows\SYSTEM32\ntmarta.dll
0x00007ffa62ee0000 - 0x00007ffa62f03000 	C:\Windows\SYSTEM32\gpapi.dll
0x00007ffa59960000 - 0x00007ffa5999b000 	C:\Windows\SYSTEM32\dxcore.dll
0x00007ff9e2b50000 - 0x00007ff9e2bd5000 	C:\Program Files\Java\jdk-15.0.2\bin\freetype.dll
0x00007ff9cdef0000 - 0x00007ff9cdf99000 	C:\Program Files\Java\jdk-15.0.2\bin\fontmanager.dll

dbghelp: loaded successfully - version: 4.0.5 - missing functions: none
symbol engine: initialized successfully - sym options: 0x614 - pdb path: .;C:\Program Files\Java\jdk-15.0.2\bin;C:\Windows\SYSTEM32;C:\Windows\WinSxS\amd64_microsoft.windows.common-controls_6595b64144ccf1df_6.0.19041.844_none_ca00b6081b84eb1d;C:\Program Files\Java\jdk-15.0.2\bin\server;C:\Program Files\JetBrains\IntelliJ IDEA Community Edition 2020.3.1\bin;C:\Windows\System32\DriverStore\FileRepository\nv_dispi.inf_amd64_a494df49ba2f9f36;C:\Windows\System32\DriverStore\FileRepository\iigd_dch.inf_amd64_a086f01cc7be643a

VM Arguments:
jvm_args: -javaagent:C:\Program Files\JetBrains\IntelliJ IDEA Community Edition 2020.3.1\lib\idea_rt.jar=55100:C:\Program Files\JetBrains\IntelliJ IDEA Community Edition 2020.3.1\bin -Dfile.encoding=UTF-8 
java_command: Main
java_class_path (initial): D:\Documents\プログラミング\Text base Table\out\production\Text base Table
Launcher Type: SUN_STANDARD

[Global flags]
     intx CICompilerCount                          = 12                                        {product} {ergonomic}
     uint ConcGCThreads                            = 3                                         {product} {ergonomic}
     uint G1ConcRefinementThreads                  = 13                                        {product} {ergonomic}
   size_t G1HeapRegionSize                         = 4194304                                   {product} {ergonomic}
    uintx GCDrainStackTargetSize                   = 64                                        {product} {ergonomic}
   size_t InitialHeapSize                          = 536870912                                 {product} {ergonomic}
   size_t MarkStackSize                            = 4194304                                   {product} {ergonomic}
   size_t MaxHeapSize                              = 8552185856                                {product} {ergonomic}
   size_t MaxNewSize                               = 5129633792                                {product} {ergonomic}
   size_t MinHeapDeltaBytes                        = 4194304                                   {product} {ergonomic}
   size_t MinHeapSize                              = 8388608                                   {product} {ergonomic}
    uintx NonNMethodCodeHeapSize                   = 7602480                                {pd product} {ergonomic}
    uintx NonProfiledCodeHeapSize                  = 122027880                              {pd product} {ergonomic}
    uintx ProfiledCodeHeapSize                     = 122027880                              {pd product} {ergonomic}
    uintx ReservedCodeCacheSize                    = 251658240                              {pd product} {ergonomic}
     bool SegmentedCodeCache                       = true                                      {product} {ergonomic}
   size_t SoftMaxHeapSize                          = 8552185856                             {manageable} {ergonomic}
     bool UseCompressedClassPointers               = true                                 {lp64_product} {ergonomic}
     bool UseCompressedOops                        = true                                 {lp64_product} {ergonomic}
     bool UseG1GC                                  = true                                      {product} {ergonomic}
     bool UseLargePagesIndividualAllocation        = false                                  {pd product} {ergonomic}

Logging:
Log output configuration:
 #0: stdout all=warning uptime,level,tags
 #1: stderr all=off uptime,level,tags

Environment Variables:
JAVA_HOME=C:\Program Files\Java\jdk-15.0.2
PATH=C:\Program Files\Oculus\Support\oculus-runtime;C:\Program Files\Common Files\Oracle\Java\javapath;C:\Windows\system32;C:\Windows;C:\Windows\System32\Wbem;C:\Windows\System32\WindowsPowerShell\v1.0\;C:\Windows\System32\OpenSSH\;C:\Program Files (x86)\NVIDIA Corporation\PhysX\Common;C:\Program Files\NVIDIA Corporation\NVIDIA NvDLISR;C:\Program Files\dotnet\;C:\Program Files\Java\jdk-15.0.2\bin;C:\Program Files\Git\cmd;C:\gradle-6.8.3\bin;C:\Users\haruj\AppData\Local\Microsoft\WindowsApps;C:\Program Files\JetBrains\IntelliJ IDEA Community Edition 2020.3.1\bin;;C:\Users\haruj\AppData\Local\atom\bin;C:\Users\haruj\AppData\Local\GitHubDesktop\bin;C:\Users\haruj\.dotnet\tools
USERNAME=haruj
OS=Windows_NT
PROCESSOR_IDENTIFIER=Intel64 Family 6 Model 165 Stepping 5, GenuineIntel



---------------  S Y S T E M  ---------------

OS:
 Windows 10 , 64 bit Build 19041 (10.0.19041.928)
OS uptime: 6 days 5:49 hours

CPU: total 16 (initial active 16) (8 cores per cpu, 2 threads per core) family 6 model 165 stepping 5 microcode 0xe0, cmov, cx8, fxsr, mmx, sse, sse2, sse3, ssse3, sse4.1, sse4.2, popcnt, vzeroupper, avx, avx2, aes, clmul, erms, 3dnowpref, lzcnt, ht, tsc, tscinvbit, bmi1, bmi2, adx, fma, clflush, clflushopt

Memory: 4k page, system-wide physical 32614M (16121M free)
TotalPageFile size 37478M (AvailPageFile size 3898M)
current process WorkingSet (physical memory assigned to process): 72M, peak: 72M
current process commit charge ("private bytes"): 659M, peak: 659M

vm_info: Java HotSpot(TM) 64-Bit Server VM (15.0.2+7-27) for windows-amd64 JRE (15.0.2+7-27), built on Dec  7 2020 20:07:01 by "mach5one" with unknown MS VC++:1925

END.
